CRITICAL ERROR IN LIST_INTEGRATIONS:
Traceback (most recent call last):
  File "/Users/param/Documents/Unclutr/backend/venv/lib/python3.9/site-packages/sqlalchemy/sql/sqltypes.py", line 1709, in _object_value_for_elem
    return self._object_lookup[elem]  # type: ignore[return-value]
KeyError: 'inactive'

The above exception was the direct cause of the following exception:

Traceback (most recent call last):
  File "/Users/param/Documents/Unclutr/backend/app/api/v1/endpoints/integrations.py", line 41, in list_integrations
    data = await integration_service.get_integrations_for_company(session, company_id)
  File "/Users/param/Documents/Unclutr/backend/app/services/integration_service.py", line 147, in get_integrations_for_company
    await _ensure_integrations_sync(session, company_id)
  File "/Users/param/Documents/Unclutr/backend/app/services/integration_service.py", line 104, in _ensure_integrations_sync
    result = await session.exec(stmt)
  File "/Users/param/Documents/Unclutr/backend/venv/lib/python3.9/site-packages/sqlmodel/ext/asyncio/session.py", line 98, in exec
    result = await greenlet_spawn(
  File "/Users/param/Documents/Unclutr/backend/venv/lib/python3.9/site-packages/sqlalchemy/util/_concurrency_py3k.py", line 203, in greenlet_spawn
    result = context.switch(value)
  File "/Users/param/Documents/Unclutr/backend/venv/lib/python3.9/site-packages/sqlmodel/orm/session.py", line 83, in exec
    results = super().execute(
  File "/Users/param/Documents/Unclutr/backend/venv/lib/python3.9/site-packages/sqlalchemy/orm/session.py", line 2351, in execute
    return self._execute_internal(
  File "/Users/param/Documents/Unclutr/backend/venv/lib/python3.9/site-packages/sqlalchemy/orm/session.py", line 2249, in _execute_internal
    result: Result[Any] = compile_state_cls.orm_execute_statement(
  File "/Users/param/Documents/Unclutr/backend/venv/lib/python3.9/site-packages/sqlalchemy/orm/context.py", line 309, in orm_execute_statement
    return cls.orm_setup_cursor_result(
  File "/Users/param/Documents/Unclutr/backend/venv/lib/python3.9/site-packages/sqlalchemy/orm/context.py", line 616, in orm_setup_cursor_result
    return loading.instances(result, querycontext)
  File "/Users/param/Documents/Unclutr/backend/venv/lib/python3.9/site-packages/sqlalchemy/orm/loading.py", line 262, in instances
    _prebuffered = list(chunks(None))
  File "/Users/param/Documents/Unclutr/backend/venv/lib/python3.9/site-packages/sqlalchemy/orm/loading.py", line 220, in chunks
    fetch = cursor._raw_all_rows()
  File "/Users/param/Documents/Unclutr/backend/venv/lib/python3.9/site-packages/sqlalchemy/engine/result.py", line 541, in _raw_all_rows
    return [make_row(row) for row in rows]
  File "/Users/param/Documents/Unclutr/backend/venv/lib/python3.9/site-packages/sqlalchemy/engine/result.py", line 541, in <listcomp>
    return [make_row(row) for row in rows]
  File "lib/sqlalchemy/cyextension/resultproxy.pyx", line 22, in sqlalchemy.cyextension.resultproxy.BaseRow.__init__
  File "lib/sqlalchemy/cyextension/resultproxy.pyx", line 79, in sqlalchemy.cyextension.resultproxy._apply_processors
  File "/Users/param/Documents/Unclutr/backend/venv/lib/python3.9/site-packages/sqlalchemy/sql/sqltypes.py", line 1829, in process
    value = self._object_value_for_elem(value)
  File "/Users/param/Documents/Unclutr/backend/venv/lib/python3.9/site-packages/sqlalchemy/sql/sqltypes.py", line 1711, in _object_value_for_elem
    raise LookupError(
LookupError: 'inactive' is not among the defined enum values. Enum name: integrationstatus. Possible values: ACTIVE, INACTIVE, ERROR, ..., DISCONNECT_..
